2024-07-28T18:16:30 [i] Pegasus alpha16-78-gcc2497ab (2024-04-12)
2024-07-28T18:16:30 [i] Running on Windows 11 Version 2009 (x86_64, windows)
2024-07-28T18:16:30 [i] Qt version 5.15.10
2024-07-28T18:16:30 [i] Program settings loaded (`C:/Win360/apps/dashboard/config/settings.txt`)
2024-07-28T18:16:30 [i] Found locale `ar`
2024-07-28T18:16:30 [i] Found locale `bs`
2024-07-28T18:16:30 [i] Found locale `ca`
2024-07-28T18:16:30 [i] Found locale `de`
2024-07-28T18:16:30 [i] Found locale `en-GB`
2024-07-28T18:16:30 [i] Found locale `en`
2024-07-28T18:16:30 [i] Found locale `es`
2024-07-28T18:16:30 [i] Found locale `fr`
2024-07-28T18:16:30 [i] Found locale `hu`
2024-07-28T18:16:30 [i] Found locale `it`
2024-07-28T18:16:30 [i] Found locale `ja`
2024-07-28T18:16:30 [i] Found locale `ko`
2024-07-28T18:16:30 [i] Found locale `lt`
2024-07-28T18:16:30 [i] Found locale `nl`
2024-07-28T18:16:30 [i] Found locale `pt-BR`
2024-07-28T18:16:30 [i] Found locale `ru`
2024-07-28T18:16:30 [i] Found locale `zh-TW`
2024-07-28T18:16:30 [i] Found locale `zh`
2024-07-28T18:16:30 [i] Locale set to `en`
2024-07-28T18:16:30 [i] Found theme `Pegasus Grid` at `:/themes/pegasus-theme-grid/`
2024-07-28T18:16:30 [i] Found theme `New Win360 Experience` at `C:/Win360/apps/dashboard/config/themes/NXE/`
2024-07-28T18:16:30 [i] Found theme `New Win360 Experience (italiano)` at `C:/Win360/apps/dashboard/config/themes/NXE-it/`
2024-07-28T18:16:30 [i] SDL version 2.0.20
2024-07-28T18:16:30 [i] Theme set to `New Win360 Experience` (`C:/Win360/apps/dashboard/config/themes/NXE/`)
2024-07-28T18:16:31 [i] SDL: loading controller mappings from `C:/Win360/apps/dashboard/config/sdl_controllers.txt`
2024-07-28T18:16:31 [i] Pegasus Metafiles: Found `C:\Win360\apps\dashboard\sections\en\main\metadata.pegasus.txt`
2024-07-28T18:16:31 [w] Pegasus Metafiles: `C:\Win360\apps\dashboard\sections\en\main\metadata.pegasus.txt`, line 77: Unrecognized game property `launch.uninstall`, ignored
2024-07-28T18:16:31 [i] Pegasus Metafiles: Finished searching in 1ms
2024-07-28T18:16:31 [i] Pegasus Media: Finished searching in 0ms
2024-07-28T18:16:31 [i] Pegasus Favorites: Finished searching in 0ms
2024-07-28T18:16:31 [i] Pegasus Playtime: Finished searching in 1ms
2024-07-28T18:16:31 [i] Game list post-processing took 0ms
2024-07-28T18:16:31 [i] 6 games found
2024-07-28T18:16:32 [i] Gamepad: Connected device 0x0 (Xbox Series X Controller)
2024-07-28T18:16:45 [w] Cannot launch the game `About Win360` because there is no launch command defined for it.
2024-07-28T18:16:52 [i] Closing Pegasus, goodbye!
