2023-10-31T22:10:56 [i] Pegasus alpha16-51-g6421d7a7 (2023-05-21)
2023-10-31T22:10:56 [i] Running on Windows 10 Version 2009 (x86_64, windows)
2023-10-31T22:10:56 [i] Qt version 5.15.6
2023-10-31T22:10:56 [i] Program settings loaded (`C:/Win360/apps/dashboard/config/settings.txt`)
2023-10-31T22:10:56 [i] Found locale `ar`
2023-10-31T22:10:56 [i] Found locale `bs`
2023-10-31T22:10:56 [i] Found locale `ca`
2023-10-31T22:10:56 [i] Found locale `de`
2023-10-31T22:10:56 [i] Found locale `en-GB`
2023-10-31T22:10:56 [i] Found locale `en`
2023-10-31T22:10:56 [i] Found locale `es`
2023-10-31T22:10:56 [i] Found locale `fr`
2023-10-31T22:10:56 [i] Found locale `hu`
2023-10-31T22:10:56 [i] Found locale `ja`
2023-10-31T22:10:56 [i] Found locale `ko`
2023-10-31T22:10:56 [i] Found locale `lt`
2023-10-31T22:10:56 [i] Found locale `nl`
2023-10-31T22:10:56 [i] Found locale `pt-BR`
2023-10-31T22:10:56 [i] Found locale `ru`
2023-10-31T22:10:56 [i] Found locale `zh-TW`
2023-10-31T22:10:56 [i] Found locale `zh`
2023-10-31T22:10:56 [i] Locale set to `en`
2023-10-31T22:10:56 [i] Found theme `Pegasus Grid` at `:/themes/pegasus-theme-grid/`
2023-10-31T22:10:56 [i] Found theme `Win360 NXE` at `C:/Win360/apps/dashboard/config/themes/NXE/`
2023-10-31T22:10:56 [i] SDL version 2.0.20
2023-10-31T22:10:56 [i] Theme set to `Win360 NXE` (`C:/Win360/apps/dashboard/config/themes/NXE/`)
2023-10-31T22:10:57 [i] SDL: loading controller mappings from `C:/Win360/apps/dashboard/config/sdl_controllers.txt`
2023-10-31T22:10:57 [i] Metafiles: Found `C:\Win360\apps\dashboard\sections\live\metadata.pegasus.txt`
2023-10-31T22:10:57 [i] Metafiles: Found `C:\Win360\apps\dashboard\sections\main\metadata.pegasus.txt`
2023-10-31T22:10:57 [i] Metafiles: Found `C:\Win360\apps\dashboard\sections\tools\metadata.pegasus.txt`
2023-10-31T22:10:57 [i] Metafiles: Finished searching in 2ms
2023-10-31T22:10:57 [i] Media: Finished searching in 0ms
2023-10-31T22:10:57 [i] Favorites: Finished searching in 0ms
2023-10-31T22:10:57 [i] Playtime: Finished searching in 1ms
2023-10-31T22:10:57 [i] Game list post-processing took 0ms
2023-10-31T22:10:57 [i] 10 games found
2023-10-31T22:10:57 [i] Gamepad: Connected device 0x0 (Xbox Series X Controller)
2023-10-31T22:11:04 [w] file:///C:/Win360/apps/dashboard/config/themes/NXE/components/ActionList.qml:27: TypeError: Cannot call method 'canExecute' of undefined
2023-10-31T22:11:04 [w] file:///C:/Win360/apps/dashboard/config/themes/NXE/pages/details/components/GameDetails.qml:14:3: QML Image: Binding loop detected for property "sourceSize.height"
2023-10-31T22:11:04 [w] file:///C:/Win360/apps/dashboard/config/themes/NXE/components/ImageViewer.qml:34:7: Unable to assign [undefined] to QUrl
2023-10-31T22:11:05 [w] file:///C:/Win360/apps/dashboard/config/themes/NXE/components/ImageViewer.qml:34:7: Unable to assign [undefined] to QUrl
2023-10-31T22:11:06 [w] file:///C:/Win360/apps/dashboard/config/themes/NXE/components/ImageViewer.qml:34:7: Unable to assign [undefined] to QUrl
2023-10-31T22:11:06 [w] file:///C:/Win360/apps/dashboard/config/themes/NXE/components/ImageViewer.qml:34:7: Unable to assign [undefined] to QUrl
2023-10-31T22:11:26 [i] Closing Pegasus, goodbye!
